#
# A fatal error has been detected by the Java Runtime Environment:
#
#  EXCEPTION_ACCESS_VIOLATION (0xc0000005) at pc=0x00000000696d81c5, pid=17304, tid=8104
#
# JRE version: Java(TM) SE Runtime Environment (8.0_51-b16) (build 1.8.0_51-b16)
# Java VM: Java HotSpot(TM) 64-Bit Server VM (25.51-b03 mixed mode windows-amd64 compressed oops)
# Problematic frame:
# V  [jvm.dll+0x1281c5]
#
# Failed to write core dump. Minidumps are not enabled by default on client versions of Windows
#
# If you would like to submit a bug report, please visit:
#   http://bugreport.java.com/bugreport/crash.jsp
#

---------------  T H R E A D  ---------------

Current thread (0x000000001e6cf800):  JavaThread "JDWP Transport Listener: dt_socket" daemon [_thread_in_vm, id=8104, stack(0x000000001eca0000,0x000000001eda0000)]

siginfo: ExceptionCode=0xc0000005, reading address 0x00003b6700000008

Registers:
RAX=0x000000001ed9f101, RBX=0x000000001e6cf800, RCX=0x00003b6700000008, RDX=0x0000000000000000
RSP=0x000000001ed9f0c0, RBP=0x00003b6700000008, RSI=0x000000001ed9f1d8, RDI=0x0000000001519cc0
R8 =0x000000001e6cf800, R9 =0x0000000000000000, R10=0x0000000000000000, R11=0x0000000000000064
R12=0x0000000000000000, R13=0x000000001e6dcb28, R14=0x0000000000000000, R15=0x0000000000000000
RIP=0x00000000696d81c5, EFLAGS=0x0000000000010202

Top of Stack: (sp=0x000000001ed9f0c0)
0x000000001ed9f0c0:   000000001e6cf800 000000001e6cf800
0x000000001ed9f0d0:   000000001ed9f188 00000000698dc72b
0x000000001ed9f0e0:   000000001e6cf800 00000000698f8f8d
0x000000001ed9f0f0:   000000001f619d60 00000000694d9155
0x000000001ed9f100:   000000001fbcfe80 00000000694e291e
0x000000001ed9f110:   000000001e6cf800 0000000000000000
0x000000001ed9f120:   0000000000000000 0000000000000000
0x000000001ed9f130:   00003b6700000008 00000000694e1a15
0x000000001ed9f140:   000000001ed9f1d8 000000001ed9f1b0
0x000000001ed9f150:   0000000000000001 000000001fbcfe80
0x000000001ed9f160:   00003b6700000008 00000000694c53b3
0x000000001ed9f170:   000000001ed9f2a0 0000000000000001
0x000000001ed9f180:   0000000000000001 000000001fbcfe80
0x000000001ed9f190:   0000000000000001 0000000000000000
0x000000001ed9f1a0:   0000000000000000 0000000000000000
0x000000001ed9f1b0:   0000000000000001 00000000694c5571 

Instructions: (pc=0x00000000696d81c5)
0x00000000696d81a5:   cc cc cc cc cc cc cc cc cc cc cc 48 83 ec 28 48
0x00000000696d81b5:   85 c9 75 07 33 c0 48 83 c4 28 c3 48 89 5c 24 20
0x00000000696d81c5:   48 8b 19 48 85 db 74 20 48 83 fb 37 74 1a 48 8b
0x00000000696d81d5:   13 48 8b cb ff 52 10 84 c0 74 0d 48 8b c3 48 8b 


Register to memory mapping:

RAX=0x000000001ed9f101 is pointing into the stack for thread: 0x000000001e6cf800
RBX=0x000000001e6cf800 is a thread
RCX=0x00003b6700000008 is an unknown value
RDX=0x0000000000000000 is an unknown value
RSP=0x000000001ed9f0c0 is pointing into the stack for thread: 0x000000001e6cf800
RBP=0x00003b6700000008 is an unknown value
RSI=0x000000001ed9f1d8 is pointing into the stack for thread: 0x000000001e6cf800
RDI=0x0000000001519cc0 is an unknown value
R8 =0x000000001e6cf800 is a thread
R9 =0x0000000000000000 is an unknown value
R10=0x0000000000000000 is an unknown value
R11=0x0000000000000064 is an unknown value
R12=0x0000000000000000 is an unknown value
R13=0x000000001e6dcb28 is an unknown value
R14=0x0000000000000000 is an unknown value
R15=0x0000000000000000 is an unknown value


Stack: [0x000000001eca0000,0x000000001eda0000],  sp=0x000000001ed9f0c0,  free space=1020k
Native frames: (J=compiled Java code, j=interpreted, Vv=VM code, C=native code)
V  [jvm.dll+0x1281c5]
V  [jvm.dll+0x348f8d]
C  [jdwp.dll+0x21a15]
C  [jdwp.dll+0x53b3]
C  [jdwp.dll+0x5571]
C  [jdwp.dll+0xf0a8]
C  [jdwp.dll+0x1f2d5]
C  [jdwp.dll+0x1f4aa]
V  [jvm.dll+0x1bae78]
V  [jvm.dll+0x2418a4]
V  [jvm.dll+0x29846a]
C  [msvcr100.dll+0x21d9f]
C  [msvcr100.dll+0x21e3b]
C  [KERNEL32.DLL+0x12d92]
C  [ntdll.dll+0x9f64]


---------------  P R O C E S S  ---------------

Java Threads: ( => current thread )
  0x0000000021a18800 JavaThread "elasticsearch[Reeva Payge][generic][T#7]" daemon [_thread_blocked, id=836, stack(0x0000000033040000,0x0000000033140000)]
  0x0000000021a1e800 JavaThread "elasticsearch[Reeva Payge][get][T#2]" daemon [_thread_blocked, id=5372, stack(0x0000000032960000,0x0000000032a60000)]
  0x00000000207b8000 JavaThread "adm-Executor-2" [_thread_blocked, id=15304, stack(0x0000000000f20000,0x0000000001020000)]
  0x00000000207bb000 JavaThread "http-nio-9000-exec-10" daemon [_thread_blocked, id=9960, stack(0x0000000032860000,0x0000000032960000)]
  0x00000000207bc000 JavaThread "http-nio-9000-exec-9" daemon [_thread_blocked, id=17480, stack(0x0000000032760000,0x0000000032860000)]
  0x0000000021a1b800 JavaThread "http-nio-9000-exec-8" daemon [_thread_blocked, id=18668, stack(0x00000000278d0000,0x00000000279d0000)]
  0x0000000021a1e000 JavaThread "http-nio-9000-exec-7" daemon [_thread_blocked, id=4748, stack(0x0000000001020000,0x0000000001120000)]
  0x00000000207b6800 JavaThread "elasticsearch[Reeva Payge][management][T#2]" daemon [_thread_blocked, id=15588, stack(0x00000000308b0000,0x00000000309b0000)]
  0x00000000207b8800 JavaThread "http-nio-9000-exec-6" daemon [_thread_blocked, id=11836, stack(0x00000000356f0000,0x00000000357f0000)]
  0x00000000207b9800 JavaThread "http-nio-9000-exec-3" daemon [_thread_blocked, id=12844, stack(0x00000000355f0000,0x00000000356f0000)]
  0x00000000207ba800 JavaThread "http-nio-9000-exec-5" daemon [_thread_blocked, id=17192, stack(0x00000000354f0000,0x00000000355f0000)]
  0x0000000021a25800 JavaThread "http-nio-9000-exec-4" daemon [_thread_blocked, id=15828, stack(0x0000000032660000,0x0000000032760000)]
  0x0000000021a26000 JavaThread "http-nio-9000-exec-2" daemon [_thread_blocked, id=13432, stack(0x0000000032560000,0x0000000032660000)]
  0x0000000021a1b000 JavaThread "elasticsearch[Reeva Payge][get][T#1]" daemon [_thread_blocked, id=9508, stack(0x0000000022560000,0x0000000022660000)]
  0x0000000021a20000 JavaThread "http-nio-9000-exec-1" daemon [_thread_blocked, id=18636, stack(0x0000000022140000,0x0000000022240000)]
  0x0000000021a24800 JavaThread "http-nio-9000-Acceptor-0" daemon [_thread_in_native, id=9756, stack(0x0000000035d70000,0x0000000035e70000)]
  0x0000000021a24000 JavaThread "http-nio-9000-ClientPoller-1" daemon [_thread_in_native, id=2620, stack(0x0000000035c70000,0x0000000035d70000)]
  0x0000000021a23000 JavaThread "http-nio-9000-ClientPoller-0" daemon [_thread_in_native, id=11804, stack(0x0000000035b70000,0x0000000035c70000)]
  0x0000000021a22800 JavaThread "NioBlockingSelector.BlockPoller-1" daemon [_thread_in_native, id=3496, stack(0x0000000032cf0000,0x0000000032df0000)]
  0x0000000021a1a000 JavaThread "adm-Executor-1" [_thread_blocked, id=8748, stack(0x0000000032bf0000,0x0000000032cf0000)]
  0x0000000021a1c800 JavaThread "QuartzScheduler_schedulerFactoryBean-NON_CLUSTERED_MisfireHandler" [_thread_blocked, id=15876, stack(0x0000000032af0000,0x0000000032bf0000)]
  0x0000000021a1f800 JavaThread "elasticsearch[Reeva Payge][warmer][T#4]" daemon [_thread_blocked, id=2076, stack(0x0000000033240000,0x0000000033340000)]
  0x0000000022bd2000 JavaThread "elasticsearch[Reeva Payge][http_server_boss][T#1]{New I/O server boss #17}" daemon [_thread_in_native, id=18292, stack(0x0000000031db0000,0x0000000031eb0000)]
  0x0000000022bd1000 JavaThread "elasticsearch[Reeva Payge][http_server_worker][T#16]{New I/O worker #16}" daemon [_thread_in_native, id=18016, stack(0x0000000031cb0000,0x0000000031db0000)]
  0x0000000022bcf000 JavaThread "elasticsearch[Reeva Payge][http_server_worker][T#15]{New I/O worker #15}" daemon [_thread_in_native, id=17648, stack(0x0000000031bb0000,0x0000000031cb0000)]
  0x0000000022bd4000 JavaThread "elasticsearch[Reeva Payge][http_server_worker][T#14]{New I/O worker #14}" daemon [_thread_in_native, id=11880, stack(0x0000000031ab0000,0x0000000031bb0000)]
  0x0000000022bce000 JavaThread "elasticsearch[Reeva Payge][http_server_worker][T#13]{New I/O worker #13}" daemon [_thread_in_native, id=11108, stack(0x00000000319b0000,0x0000000031ab0000)]
  0x0000000022bcd800 JavaThread "elasticsearch[Reeva Payge][http_server_worker][T#12]{New I/O worker #12}" daemon [_thread_in_native, id=19432, stack(0x00000000318b0000,0x00000000319b0000)]
  0x0000000022bcc800 JavaThread "elasticsearch[Reeva Payge][http_server_worker][T#11]{New I/O worker #11}" daemon [_thread_in_native, id=10124, stack(0x00000000317b0000,0x00000000318b0000)]
  0x0000000022bd0800 JavaThread "elasticsearch[Reeva Payge][http_server_worker][T#10]{New I/O worker #10}" daemon [_thread_in_native, id=9128, stack(0x00000000316b0000,0x00000000317b0000)]
  0x0000000022bd3800 JavaThread "elasticsearch[Reeva Payge][http_server_worker][T#9]{New I/O worker #9}" daemon [_thread_in_native, id=2328, stack(0x00000000315b0000,0x00000000316b0000)]
  0x0000000022bd2800 JavaThread "elasticsearch[Reeva Payge][http_server_worker][T#8]{New I/O worker #8}" daemon [_thread_in_native, id=6736, stack(0x00000000314b0000,0x00000000315b0000)]
  0x0000000022bc5000 JavaThread "elasticsearch[Reeva Payge][http_server_worker][T#7]{New I/O worker #7}" daemon [_thread_in_native, id=1892, stack(0x00000000313b0000,0x00000000314b0000)]
  0x0000000022bcc000 JavaThread "elasticsearch[Reeva Payge][http_server_worker][T#6]{New I/O worker #6}" daemon [_thread_in_native, id=18096, stack(0x00000000312b0000,0x00000000313b0000)]
  0x0000000022bcb000 JavaThread "elasticsearch[Reeva Payge][http_server_worker][T#5]{New I/O worker #5}" daemon [_thread_in_native, id=13332, stack(0x00000000311b0000,0x00000000312b0000)]
  0x0000000022bca800 JavaThread "elasticsearch[Reeva Payge][http_server_worker][T#4]{New I/O worker #4}" daemon [_thread_in_native, id=2648, stack(0x00000000310b0000,0x00000000311b0000)]
  0x0000000022bc9800 JavaThread "elasticsearch[Reeva Payge][http_server_worker][T#3]{New I/O worker #3}" daemon [_thread_in_native, id=13876, stack(0x0000000030fb0000,0x00000000310b0000)]
  0x0000000022bc7800 JavaThread "elasticsearch[Reeva Payge][http_server_worker][T#2]{New I/O worker #2}" daemon [_thread_in_native, id=19636, stack(0x0000000030eb0000,0x0000000030fb0000)]
  0x0000000022bc9000 JavaThread "elasticsearch[Reeva Payge][http_server_worker][T#1]{New I/O worker #1}" daemon [_thread_in_native, id=2556, stack(0x0000000030db0000,0x0000000030eb0000)]
  0x0000000022bc6000 JavaThread "elasticsearch[Reeva Payge][management][T#1]" daemon [_thread_blocked, id=13320, stack(0x0000000030ab0000,0x0000000030bb0000)]
  0x0000000022bc6800 JavaThread "elasticsearch[Reeva Payge][riverClusterService#updateTask][T#1]" daemon [_thread_blocked, id=15480, stack(0x00000000309b0000,0x0000000030ab0000)]
  0x000000001ff9f000 JavaThread "elasticsearch[Reeva Payge][clusterService#updateTask][T#1]" daemon [_thread_blocked, id=9640, stack(0x00000000307b0000,0x00000000308b0000)]
  0x000000001ff9e000 JavaThread "elasticsearch[Reeva Payge][[ttl_expire]]" daemon [_thread_blocked, id=10428, stack(0x00000000306b0000,0x00000000307b0000)]
  0x000000001f6e9800 JavaThread "elasticsearch[Reeva Payge][master_mapping_updater]" [_thread_blocked, id=12568, stack(0x00000000305b0000,0x00000000306b0000)]
  0x000000001f6ef800 JavaThread "elasticsearch[Reeva Payge][scheduler][T#1]" daemon [_thread_blocked, id=15516, stack(0x000000002d890000,0x000000002d990000)]
  0x000000001f6ef000 JavaThread "elasticsearch[Reeva Payge][[timer]]" daemon [_thread_blocked, id=19964, stack(0x000000002c0e0000,0x000000002c1e0000)]
  0x000000001f6ec800 JavaThread "schedulerFactoryBean_QuartzSchedulerThread" [_thread_blocked, id=11552, stack(0x000000002d510000,0x000000002d610000)]
  0x000000001f6ee000 JavaThread "container-0" [_thread_blocked, id=17516, stack(0x000000002cdc0000,0x000000002cec0000)]
  0x000000001f6f0800 JavaThread "ContainerBackgroundProcessor[StandardEngine[Tomcat].StandardHost[localhost].StandardContext[]]" daemon [_thread_blocked, id=11952, stack(0x00000000293c0000,0x00000000294c0000)]
  0x000000001ff9b000 JavaThread "Statistics Thread-CM1-1" daemon [_thread_blocked, id=19628, stack(0x00000000292c0000,0x00000000293c0000)]
  0x000000001ff9a800 JavaThread "CM1" daemon [_thread_blocked, id=20204, stack(0x000000002c450000,0x000000002c550000)]
  0x000000002636c000 JavaThread "Hikari housekeeper (pool HikariPool-0)" daemon [_thread_blocked, id=10388, stack(0x00000000277d0000,0x00000000278d0000)]
  0x000000001e792000 JavaThread "Service Thread" daemon [_thread_blocked, id=4468, stack(0x000000001f3a0000,0x000000001f4a0000)]
  0x000000001e707000 JavaThread "C1 CompilerThread3" daemon [_thread_blocked, id=13400, stack(0x000000001f2a0000,0x000000001f3a0000)]
  0x000000001e704000 JavaThread "C2 CompilerThread2" daemon [_thread_blocked, id=1068, stack(0x000000001f1a0000,0x000000001f2a0000)]
  0x000000001e6fa000 JavaThread "C2 CompilerThread1" daemon [_thread_blocked, id=7464, stack(0x000000001f0a0000,0x000000001f1a0000)]
  0x000000001e6fe800 JavaThread "C2 CompilerThread0" daemon [_thread_blocked, id=19232, stack(0x000000001efa0000,0x000000001f0a0000)]
  0x000000001e6e4000 JavaThread "JDWP Command Reader" daemon [_thread_in_native, id=13540, stack(0x000000001eea0000,0x000000001efa0000)]
  0x000000001e6e2800 JavaThread "JDWP Event Helper Thread" daemon [_thread_blocked, id=12188, stack(0x000000001eda0000,0x000000001eea0000)]
=>0x000000001e6cf800 JavaThread "JDWP Transport Listener: dt_socket" daemon [_thread_in_vm, id=8104, stack(0x000000001eca0000,0x000000001eda0000)]
  0x000000001e6c7000 JavaThread "Attach Listener" daemon [_thread_blocked, id=16256, stack(0x000000001eba0000,0x000000001eca0000)]
  0x000000001e6c6000 JavaThread "Signal Dispatcher" daemon [_thread_blocked, id=5760, stack(0x000000001eaa0000,0x000000001eba0000)]
  0x000000000172b800 JavaThread "Finalizer" daemon [_thread_blocked, id=11160, stack(0x000000001e5a0000,0x000000001e6a0000)]
  0x000000001c6bc800 JavaThread "Reference Handler" daemon [_thread_blocked, id=10804, stack(0x000000001e4a0000,0x000000001e5a0000)]
  0x0000000001632800 JavaThread "main" [_thread_blocked, id=9800, stack(0x0000000001520000,0x0000000001620000)]

Other Threads:
  0x000000001c6b8800 VMThread [stack: 0x000000001e3a0000,0x000000001e4a0000] [id=8812]
  0x000000001e750800 WatcherThread [stack: 0x000000001f4a0000,0x000000001f5a0000] [id=7792]

VM state:not at safepoint (normal execution)

VM Mutex/Monitor currently owned by a thread: None

Heap:
 PSYoungGen      total 514560K, used 101797K [0x000000076b000000, 0x000000078f900000, 0x00000007c0000000)
  eden space 475136K, 21% used [0x000000076b000000,0x0000000771369730,0x0000000788000000)
  from space 39424K, 0% used [0x0000000788000000,0x0000000788000000,0x000000078a680000)
  to   space 41984K, 0% used [0x000000078d000000,0x000000078d000000,0x000000078f900000)
 ParOldGen       total 448512K, used 69695K [0x00000006c1000000, 0x00000006dc600000, 0x000000076b000000)
  object space 448512K, 15% used [0x00000006c1000000,0x00000006c540ffb0,0x00000006dc600000)
 Metaspace       used 98992K, capacity 100492K, committed 100776K, reserved 1136640K
  class space    used 12606K, capacity 12941K, committed 12968K, reserved 1048576K

Card table byte_map: [0x0000000012400000,0x0000000012c00000] byte_map_base: 0x000000000edf8000

Marking Bits: (ParMarkBitMap*) 0x0000000069db4040
 Begin Bits: [0x0000000013550000, 0x0000000017510000)
 End Bits:   [0x0000000017510000, 0x000000001b4d0000)

Polling page: 0x0000000000d10000

CodeCache: size=245760Kb used=35658Kb max_used=35718Kb free=210101Kb
 bounds [0x0000000003400000, 0x0000000005720000, 0x0000000012400000]
 total_blobs=10499 nmethods=9819 adapters=599
 compilation: enabled

Compilation events (10 events):
Event: 562.132 Thread 0x000000001e707000 12161       3       org.postgresql.jdbc2.AbstractJdbc2Connection::addDataType (16 bytes)
Event: 562.133 Thread 0x000000001e707000 nmethod 12161 0x0000000003d88790 code [0x0000000003d88960, 0x0000000003d88f48]
Event: 562.134 Thread 0x000000001e707000 12162  s    3       org.postgresql.jdbc2.TypeInfoCache::addDataType (58 bytes)
Event: 562.135 Thread 0x000000001e707000 nmethod 12162 0x00000000056dacd0 code [0x00000000056daee0, 0x00000000056dba08]
Event: 562.136 Thread 0x000000001e707000 12163       3       org.postgresql.jdbc3.AbstractJdbc3Connection::getHoldability (9 bytes)
Event: 562.136 Thread 0x000000001e707000 nmethod 12163 0x0000000004868cd0 code [0x0000000004868e80, 0x00000000048693b8]
Event: 562.143 Thread 0x000000001e6fa000 nmethod 12058 0x00000000056f1510 code [0x00000000056f1940, 0x00000000056f8068]
Event: 562.169 Thread 0x000000001e707000 12164   !   3       sun.util.locale.provider.JRELocaleProviderAdapter::getDecimalFormatSymbolsProvider (56 bytes)
Event: 562.170 Thread 0x000000001e707000 nmethod 12164 0x00000000056da1d0 code [0x00000000056da380, 0x00000000056daa28]
Event: 562.180 Thread 0x000000001e6fe800 nmethod 12008 0x000000000570a690 code [0x000000000570ac40, 0x0000000005714d38]

GC Heap History (10 events):
Event: 12.326 GC heap before
{Heap before GC invocations=13 (full 3):
 PSYoungGen      total 452096K, used 21999K [0x000000076b000000, 0x0000000788880000, 0x00000007c0000000)
  eden space 430080K, 0% used [0x000000076b000000,0x000000076b000000,0x0000000785400000)
  from space 22016K, 99% used [0x0000000786c00000,0x000000078817bcf8,0x0000000788180000)
  to   space 24576K, 0% used [0x0000000785400000,0x0000000785400000,0x0000000786c00000)
 ParOldGen       total 204288K, used 33812K [0x00000006c1000000, 0x00000006cd780000, 0x000000076b000000)
  object space 204288K, 16% used [0x00000006c1000000,0x00000006c3105220,0x00000006cd780000)
 Metaspace       used 57809K, capacity 59016K, committed 59160K, reserved 1101824K
  class space    used 7219K, capacity 7524K, committed 7592K, reserved 1048576K
Event: 12.597 GC heap after
Heap after GC invocations=13 (full 3):
 PSYoungGen      total 452096K, used 0K [0x000000076b000000, 0x0000000788880000, 0x00000007c0000000)
  eden space 430080K, 0% used [0x000000076b000000,0x000000076b000000,0x0000000785400000)
  from space 22016K, 0% used [0x0000000786c00000,0x0000000786c00000,0x0000000788180000)
  to   space 24576K, 0% used [0x0000000785400000,0x0000000785400000,0x0000000786c00000)
 ParOldGen       total 296448K, used 44568K [0x00000006c1000000, 0x00000006d3180000, 0x000000076b000000)
  object space 296448K, 15% used [0x00000006c1000000,0x00000006c3b86008,0x00000006d3180000)
 Metaspace       used 57809K, capacity 59016K, committed 59160K, reserved 1101824K
  class space    used 7219K, capacity 7524K, committed 7592K, reserved 1048576K
}
Event: 16.179 GC heap before
{Heap before GC invocations=14 (full 3):
 PSYoungGen      total 452096K, used 430080K [0x000000076b000000, 0x0000000788880000, 0x00000007c0000000)
  eden space 430080K, 100% used [0x000000076b000000,0x0000000785400000,0x0000000785400000)
  from space 22016K, 0% used [0x0000000786c00000,0x0000000786c00000,0x0000000788180000)
  to   space 24576K, 0% used [0x0000000785400000,0x0000000785400000,0x0000000786c00000)
 ParOldGen       total 296448K, used 44568K [0x00000006c1000000, 0x00000006d3180000, 0x000000076b000000)
  object space 296448K, 15% used [0x00000006c1000000,0x00000006c3b86008,0x00000006d3180000)
 Metaspace       used 82617K, capacity 84014K, committed 84392K, reserved 1122304K
  class space    used 10566K, capacity 10882K, committed 10920K, reserved 1048576K
Event: 16.203 GC heap after
Heap after GC invocations=14 (full 3):
 PSYoungGen      total 454656K, used 24558K [0x000000076b000000, 0x000000078c580000, 0x00000007c0000000)
  eden space 430080K, 0% used [0x000000076b000000,0x000000076b000000,0x0000000785400000)
  from space 24576K, 99% used [0x0000000785400000,0x0000000786bfbb10,0x0000000786c00000)
  to   space 31744K, 0% used [0x000000078a680000,0x000000078a680000,0x000000078c580000)
 ParOldGen       total 296448K, used 57516K [0x00000006c1000000, 0x00000006d3180000, 0x000000076b000000)
  object space 296448K, 19% used [0x00000006c1000000,0x00000006c482b050,0x00000006d3180000)
 Metaspace       used 82617K, capacity 84014K, committed 84392K, reserved 1122304K
  class space    used 10566K, capacity 10882K, committed 10920K, reserved 1048576K
}
Event: 25.480 GC heap before
{Heap before GC invocations=15 (full 3):
 PSYoungGen      total 454656K, used 454638K [0x000000076b000000, 0x000000078c580000, 0x00000007c0000000)
  eden space 430080K, 100% used [0x000000076b000000,0x0000000785400000,0x0000000785400000)
  from space 24576K, 99% used [0x0000000785400000,0x0000000786bfbb10,0x0000000786c00000)
  to   space 31744K, 0% used [0x000000078a680000,0x000000078a680000,0x000000078c580000)
 ParOldGen       total 296448K, used 57516K [0x00000006c1000000, 0x00000006d3180000, 0x000000076b000000)
  object space 296448K, 19% used [0x00000006c1000000,0x00000006c482b050,0x00000006d3180000)
 Metaspace       used 95900K, capacity 97330K, committed 97704K, reserved 1134592K
  class space    used 12275K, capacity 12606K, committed 12712K, reserved 1048576K
Event: 25.511 GC heap after
Heap after GC invocations=15 (full 3):
 PSYoungGen      total 506880K, used 31720K [0x000000076b000000, 0x000000078cd80000, 0x00000007c0000000)
  eden space 475136K, 0% used [0x000000076b000000,0x000000076b000000,0x0000000788000000)
  from space 31744K, 99% used [0x000000078a680000,0x000000078c57a280,0x000000078c580000)
  to   space 39424K, 0% used [0x0000000788000000,0x0000000788000000,0x000000078a680000)
 ParOldGen       total 296448K, used 67072K [0x00000006c1000000, 0x00000006d3180000, 0x000000076b000000)
  object space 296448K, 22% used [0x00000006c1000000,0x00000006c51800d0,0x00000006d3180000)
 Metaspace       used 95900K, capacity 97330K, committed 97704K, reserved 1134592K
  class space    used 12275K, capacity 12606K, committed 12712K, reserved 1048576K
}
Event: 203.518 GC heap before
{Heap before GC invocations=16 (full 3):
 PSYoungGen      total 506880K, used 94187K [0x000000076b000000, 0x000000078cd80000, 0x00000007c0000000)
  eden space 475136K, 13% used [0x000000076b000000,0x000000076ed00ac8,0x0000000788000000)
  from space 31744K, 99% used [0x000000078a680000,0x000000078c57a280,0x000000078c580000)
  to   space 39424K, 0% used [0x0000000788000000,0x0000000788000000,0x000000078a680000)
 ParOldGen       total 296448K, used 67072K [0x00000006c1000000, 0x00000006d3180000, 0x000000076b000000)
  object space 296448K, 22% used [0x00000006c1000000,0x00000006c51800d0,0x00000006d3180000)
 Metaspace       used 96896K, capacity 98232K, committed 98600K, reserved 1134592K
  class space    used 12425K, capacity 12735K, committed 12840K, reserved 1048576K
Event: 203.537 GC heap after
Heap after GC invocations=16 (full 3):
 PSYoungGen      total 514560K, used 31732K [0x000000076b000000, 0x000000078f900000, 0x00000007c0000000)
  eden space 475136K, 0% used [0x000000076b000000,0x000000076b000000,0x0000000788000000)
  from space 39424K, 80% used [0x0000000788000000,0x0000000789efd0d0,0x000000078a680000)
  to   space 41984K, 0% used [0x000000078d000000,0x000000078d000000,0x000000078f900000)
 ParOldGen       total 296448K, used 67080K [0x00000006c1000000, 0x00000006d3180000, 0x000000076b000000)
  object space 296448K, 22% used [0x00000006c1000000,0x00000006c51820d0,0x00000006d3180000)
 Metaspace       used 96896K, capacity 98232K, committed 98600K, reserved 1134592K
  class space    used 12425K, capacity 12735K, committed 12840K, reserved 1048576K
}
Event: 203.537 GC heap before
{Heap before GC invocations=17 (full 4):
 PSYoungGen      total 514560K, used 31732K [0x000000076b000000, 0x000000078f900000, 0x00000007c0000000)
  eden space 475136K, 0% used [0x000000076b000000,0x000000076b000000,0x0000000788000000)
  from space 39424K, 80% used [0x0000000788000000,0x0000000789efd0d0,0x000000078a680000)
  to   space 41984K, 0% used [0x000000078d000000,0x000000078d000000,0x000000078f900000)
 ParOldGen       total 296448K, used 67080K [0x00000006c1000000, 0x00000006d3180000, 0x000000076b000000)
  object space 296448K, 22% used [0x00000006c1000000,0x00000006c51820d0,0x00000006d3180000)
 Metaspace       used 96896K, capacity 98232K, committed 98600K, reserved 1134592K
  class space    used 12425K, capacity 12735K, committed 12840K, reserved 1048576K
Event: 203.677 GC heap after
Heap after GC invocations=17 (full 4):
 PSYoungGen      total 514560K, used 0K [0x000000076b000000, 0x000000078f900000, 0x00000007c0000000)
  eden space 475136K, 0% used [0x000000076b000000,0x000000076b000000,0x0000000788000000)
  from space 39424K, 0% used [0x0000000788000000,0x0000000788000000,0x000000078a680000)
  to   space 41984K, 0% used [0x000000078d000000,0x000000078d000000,0x000000078f900000)
 ParOldGen       total 448512K, used 69695K [0x00000006c1000000, 0x00000006dc600000, 0x000000076b000000)
  object space 448512K, 15% used [0x00000006c1000000,0x00000006c540ffb0,0x00000006dc600000)
 Metaspace       used 96883K, capacity 98208K, committed 98600K, reserved 1134592K
  class space    used 12423K, capacity 12731K, committed 12840K, reserved 1048576K
}

Deoptimization events (10 events):
Event: 204.281 Thread 0x00000000207b9800 Uncommon trap: reason=unstable_if action=reinterpret pc=0x0000000004399e24 method=java.util.concurrent.locks.ReentrantLock$NonfairSync.lock()V @ 6
Event: 204.281 Thread 0x0000000021a20000 Uncommon trap: reason=unstable_if action=reinterpret pc=0x0000000004399e24 method=java.util.concurrent.locks.ReentrantLock$NonfairSync.lock()V @ 6
Event: 264.334 Thread 0x0000000021a24000 Uncommon trap: reason=class_check action=maybe_recompile pc=0x0000000004cb848c method=java.util.HashMap.removeNode(ILjava/lang/Object;Ljava/lang/Object;ZZ)Ljava/util/HashMap$Node; @ 143
Event: 461.664 Thread 0x0000000021a1e000 Uncommon trap: reason=unstable_if action=reinterpret pc=0x0000000004170028 method=java.io.ExpiringCache.entryFor(Ljava/lang/String;)Ljava/io/ExpiringCache$Entry; @ 39
Event: 461.666 Thread 0x0000000021a1e000 Uncommon trap: reason=unstable_if action=reinterpret pc=0x00000000054fe860 method=org.springframework.web.util.UriUtils.decode(Ljava/lang/String;Ljava/lang/String;)Ljava/lang/String; @ 50
Event: 461.666 Thread 0x0000000021a1e000 Uncommon trap: reason=unstable_if action=reinterpret pc=0x000000000553691c method=org.springframework.web.util.UrlPathHelper.getRemainingPath(Ljava/lang/String;Ljava/lang/String;Z)Ljava/lang/String; @ 77
Event: 561.937 Thread 0x0000000021a1b800 Uncommon trap: reason=class_check action=maybe_recompile pc=0x00000000056159d4 method=java.util.Collections$UnmodifiableMap$UnmodifiableEntrySet$UnmodifiableEntry.<init>(Ljava/util/Map$Entry;)V @ 9
Event: 561.941 Thread 0x0000000021a1b800 Uncommon trap: reason=class_check action=maybe_recompile pc=0x00000000056159d4 method=java.util.Collections$UnmodifiableMap$UnmodifiableEntrySet$UnmodifiableEntry.<init>(Ljava/util/Map$Entry;)V @ 9
Event: 561.941 Thread 0x0000000021a1b800 Uncommon trap: reason=class_check action=maybe_recompile pc=0x00000000056159d4 method=java.util.Collections$UnmodifiableMap$UnmodifiableEntrySet$UnmodifiableEntry.<init>(Ljava/util/Map$Entry;)V @ 9
Event: 561.943 Thread 0x00000000207b8800 Uncommon trap: reason=class_check action=maybe_recompile pc=0x00000000056159d4 method=java.util.Collections$UnmodifiableMap$UnmodifiableEntrySet$UnmodifiableEntry.<init>(Ljava/util/Map$Entry;)V @ 9

Internal exceptions (10 events):
Event: 203.434 Thread 0x0000000021a20000 Exception <a 'java/lang/ClassNotFoundException': org/thymeleaf/spring4/view/AbstractThymeleafViewBeanInfo> (0x000000076b9b6da8) thrown at [C:\re\workspace\8-2-build-windows-amd64-cygwin\jdk8u51\3951\hotspot\src\share\vm\classfile\systemDictionary.cpp, line“79žëmi@
Event: 203.435 Thread 0x0000000021a20000 Exception <a 'java/lang/ClassNotFoundException': org/thymeleaf/spring4/view/AbstractThymeleafViewCustomizer> (0x000000076b9dbb78) thrown at [C:\re\workspace\8-2-build-windows-amd64-cygwin\jdk8u51\3951\hotspot\src\share\vm\classfile\systemDictionary.cpp, liŒQµ¶ömi@
Event: 203.436 Thread 0x0000000021a20000 Exception <a 'java/lang/ClassNotFoundException': org/thymeleaf/spring4/view/ThymeleafViewCustomizer> (0x000000076ba0db30) thrown at [C:\re\workspace\8-2-build-windows-amd64-cygwin\jdk8u51\3951\hotspot\src\share\vm\classfile\systemDictionary.cpp, line 210]
Event: 203.959 Thread 0x0000000021a20000 Exception <a 'java/lang/ClassNotFoundException': com/pharmacy/domain/SearchResultBeanInfo> (0x000000076d721568) thrown at [C:\re\workspace\8-2-build-windows-amd64-cygwin\jdk8u51\3951\hotspot\src\share\vm\classfile\systemDictionary.cpp, line 210]
Event: 203.960 Thread 0x0000000021a20000 Exception <a 'java/lang/ClassNotFoundException': com/pharmacy/domain/SearchResultCustomizer> (0x000000076d7402f8) thrown at [C:\re\workspace\8-2-build-windows-amd64-cygwin\jdk8u51\3951\hotspot\src\share\vm\classfile\systemDictionary.cpp, line 210]
Event: 203.961 Thread 0x0000000021a20000 Implicit null exception at 0x00000000042674f4 to 0x000000000426759a
Event: 204.255 Thread 0x0000000021a20000 Exception <a 'java/lang/IllegalArgumentException': object is not an instance of declaring class> (0x000000076e7d1b40) thrown at [C:\re\workspace\8-2-build-windows-amd64-cygwin\jdk8u51\3951\hotspot\src\share\vm\runtime\reflection.cpp, line 925]
Event: 204.257 Thread 0x0000000021a20000 Exception <a 'java/lang/IllegalArgumentException': object is not an instance of declaring class> (0x000000076e7d9010) thrown at [C:\re\workspace\8-2-build-windows-amd64-cygwin\jdk8u51\3951\hotspot\src\share\vm\runtime\reflection.cpp, line 925]
Event: 204.275 Thread 0x0000000021a20000 Exception <a 'java/lang/ClassNotFoundException': com/pharmacy/domain/pojo/ContactFormBeanInfo> (0x000000076ea5e830) thrown at [C:\re\workspace\8-2-build-windows-amd64-cygwin\jdk8u51\3951\hotspot\src\share\vm\classfile\systemDictionary.cpp, line 210]
Event: 204.277 Thread 0x0000000021a20000 Exception <a 'java/lang/ClassNotFoundException': com/pharmacy/domain/pojo/ContactFormCustomizer> (0x000000076ea7e3c8) thrown at [C:\re\workspace\8-2-build-windows-amd64-cygwin\jdk8u51\3951\hotspot\src\share\vm\classfile\systemDictionary.cpp, line 210]

Events (10 events):
Event: 569.314 Executing VM operation: ChangeBreakpoints
Event: 569.314 Executing VM operation: ChangeBreakpoints done
Event: 569.314 Executing VM operation: ChangeBreakpoints
Event: 569.314 Executing VM operation: ChangeBreakpoints done
Event: 569.326 Executing VM operation: RedefineClasses
Event: 569.405 Executing VM operation: RedefineClasses done
Event: 569.412 Executing VM operation: ChangeBreakpoints
Event: 569.415 Executing VM operation: ChangeBreakpoints done
Event: 569.418 Executing VM operation: ChangeBreakpoints
Event: 569.421 Executing VM operation: ChangeBreakpoints done


Dynamic libraries:
0x00007ff7d93a0000 - 0x00007ff7d93d7000 	C:\Program Files\Java\jdk1.8.0_51\bin\java.exe
0x00007ffe7bed0000 - 0x00007ffe7c092000 	C:\Windows\SYSTEM32\ntdll.dll
0x00007ffe7a250000 - 0x00007ffe7a2fd000 	C:\Windows\system32\KERNEL32.DLL
0x00007ffe79300000 - 0x00007ffe794dd000 	C:\Windows\system32\KERNELBASE.dll
0x00007ffe7be10000 - 0x00007ffe7beb6000 	C:\Windows\system32\ADVAPI32.dll
0x00007ffe79ee0000 - 0x00007ffe79f7d000 	C:\Windows\system32\msvcrt.dll
0x00007ffe7bd30000 - 0x00007ffe7bd8b000 	C:\Windows\system32\sechost.dll
0x00007ffe799f0000 - 0x00007ffe79b16000 	C:\Windows\system32\RPCRT4.dll
0x00007ffe796d0000 - 0x00007ffe7981e000 	C:\Windows\system32\USER32.dll
0x00007ffe79d50000 - 0x00007ffe79ed6000 	C:\Windows\system32\GDI32.dll
0x00007ffe75340000 - 0x00007ffe755b4000 	C:\Windows\WinSxS\amd64_microsoft.windows.common-controls_6595b64144ccf1df_6.0.10240.16384_none_f41f7b285750ef43\COMCTL32.dll
0x00007ffe79f90000 - 0x00007ffe79fc6000 	C:\Windows\system32\IMM32.DLL
0x00007ffe7a4b0000 - 0x00007ffe7a60c000 	C:\Windows\system32\MSCTF.dll
0x0000000069e40000 - 0x0000000069f12000 	C:\Program Files\Java\jdk1.8.0_51\jre\bin\msvcr100.dll
0x00000000695b0000 - 0x0000000069e33000 	C:\Program Files\Java\jdk1.8.0_51\jre\bin\server\jvm.dll
0x00007ffe7bec0000 - 0x00007ffe7bec8000 	C:\Windows\system32\PSAPI.DLL
0x00007ffe705a0000 - 0x00007ffe705a9000 	C:\Windows\SYSTEM32\WSOCK32.dll
0x00007ffe75670000 - 0x00007ffe7567a000 	C:\Windows\SYSTEM32\VERSION.dll
0x00007ffe76c20000 - 0x00007ffe76c43000 	C:\Windows\SYSTEM32\WINMM.dll
0x00007ffe79660000 - 0x00007ffe796c9000 	C:\Windows\system32\WS2_32.dll
0x00007ffe79890000 - 0x00007ffe79898000 	C:\Windows\system32\NSI.dll
0x00007ffe76ae0000 - 0x00007ffe76b0c000 	C:\Windows\SYSTEM32\WINMMBASE.dll
0x00007ffe78bd0000 - 0x00007ffe78c14000 	C:\Windows\system32\cfgmgr32.dll
0x00007ffe77270000 - 0x00007ffe77297000 	C:\Windows\SYSTEM32\DEVOBJ.dll
0x00000000695a0000 - 0x00000000695af000 	C:\Program Files\Java\jdk1.8.0_51\jre\bin\verify.dll
0x0000000069570000 - 0x0000000069599000 	C:\Program Files\Java\jdk1.8.0_51\jre\bin\java.dll
0x00000000694c0000 - 0x00000000694f5000 	C:\Program Files\Java\jdk1.8.0_51\jre\bin\jdwp.dll
0x00000000694b0000 - 0x00000000694b8000 	C:\Program Files\Java\jdk1.8.0_51\jre\bin\npt.dll
0x0000000069550000 - 0x0000000069566000 	C:\Program Files\Java\jdk1.8.0_51\jre\bin\zip.dll
0x00007ffe7a800000 - 0x00007ffe7bd22000 	C:\Windows\system32\SHELL32.dll
0x00007ffe78c20000 - 0x00007ffe79248000 	C:\Windows\system32\windows.storage.dll
0x00007ffe79fd0000 - 0x00007ffe7a24c000 	C:\Windows\system32\combase.dll
0x00007ffe79b20000 - 0x00007ffe79b71000 	C:\Windows\system32\shlwapi.dll
0x00007ffe78920000 - 0x00007ffe7892f000 	C:\Windows\system32\kernel.appcore.dll
0x00007ffe794e0000 - 0x00007ffe79593000 	C:\Windows\system32\shcore.dll
0x00007ffe78950000 - 0x00007ffe7899a000 	C:\Windows\system32\powrprof.dll
0x00007ffe78930000 - 0x00007ffe78943000 	C:\Windows\system32\profapi.dll
0x00000000694a0000 - 0x00000000694a9000 	C:\Program Files\Java\jdk1.8.0_51\jre\bin\dt_socket.dll
0x00007ffe78170000 - 0x00007ffe781cd000 	C:\Windows\system32\mswsock.dll
0x0000000069530000 - 0x000000006954a000 	C:\Program Files\Java\jdk1.8.0_51\jre\bin\net.dll
0x0000000069510000 - 0x0000000069521000 	C:\Program Files\Java\jdk1.8.0_51\jre\bin\nio.dll
0x00007ffe61460000 - 0x00007ffe61475000 	C:\Windows\system32\napinsp.dll
0x00007ffe61420000 - 0x00007ffe6143a000 	C:\Windows\system32\pnrpnsp.dll
0x00007ffe75da0000 - 0x00007ffe75db8000 	C:\Windows\system32\NLAapi.dll
0x00007ffe77f30000 - 0x00007ffe77fd8000 	C:\Windows\SYSTEM32\DNSAPI.dll
0x00007ffe65e20000 - 0x00007ffe65e2d000 	C:\Windows\System32\winrnr.dll
0x00007ffe61400000 - 0x00007ffe61415000 	C:\Windows\system32\wshbth.dll
0x00007ffe70550000 - 0x00007ffe7055a000 	C:\Windows\System32\rasadhlp.dll
0x00007ffe76ef0000 - 0x00007ffe76f28000 	C:\Windows\SYSTEM32\IPHLPAPI.DLL
0x00007ffe76eb0000 - 0x00007ffe76ebb000 	C:\Windows\SYSTEM32\WINNSI.DLL
0x00007ffe72070000 - 0x00007ffe720d8000 	C:\Windows\System32\fwpuclnt.dll
0x00007ffe78440000 - 0x00007ffe78468000 	C:\Windows\SYSTEM32\bcrypt.dll
0x0000000069500000 - 0x000000006950d000 	C:\Program Files\Java\jdk1.8.0_51\jre\bin\management.dll
0x00007ffe781d0000 - 0x00007ffe781e7000 	C:\Windows\SYSTEM32\CRYPTSP.dll
0x00007ffe77e20000 - 0x00007ffe77e53000 	C:\Windows\system32\rsaenh.dll
0x00007ffe77f10000 - 0x00007ffe77f2f000 	C:\Windows\SYSTEM32\USERENV.dll
0x00007ffe78750000 - 0x00007ffe787bb000 	C:\Windows\system32\bcryptprimitives.dll
0x00007ffe78340000 - 0x00007ffe7834b000 	C:\Windows\SYSTEM32\CRYPTBASE.dll
0x00007ffe71d30000 - 0x00007ffe71d46000 	C:\Windows\SYSTEM32\dhcpcsvc6.DLL
0x00007ffe71cc0000 - 0x00007ffe71cda000 	C:\Windows\SYSTEM32\dhcpcsvc.DLL
0x00000000693e0000 - 0x00000000693e9000 	C:\Program Files\Java\jdk1.8.0_51\jre\bin\attach.dll
0x00000000693b0000 - 0x00000000693d3000 	C:\Program Files\Java\jdk1.8.0_51\jre\bin\instrument.dll
0x00007ffe6e960000 - 0x00007ffe6eaea000 	C:\Windows\SYSTEM32\dbghelp.dll

VM Arguments:
jvm_args: -agentlib:jdwp=transport=dt_socket,address=127.0.0.1:17798,suspend=y,server=n -Dmaven.home=C:\Program Files (x86)\JetBrains\IntelliJ IDEA 14.1.4\plugins\maven\lib\maven3 -Dclassworlds.conf=C:\Program Files (x86)\JetBrains\IntelliJ IDEA 14.1.4\plugins\maven\lib\maven3\bin\m2.conf -Dfile.encoding=windows-1252 
java_command: org.codehaus.classworlds.Launcher -Didea.version=14.1.4 spring-boot:run
java_class_path (initial): C:\Program Files (x86)\JetBrains\IntelliJ IDEA 14.1.4\plugins\maven\lib\maven3\boot\plexus-classworlds-2.4.jar;C:\Program Files (x86)\JetBrains\IntelliJ IDEA 14.1.4\lib\idea_rt.jar
Launcher Type: SUN_STANDARD

Environment Variables:
JAVA_HOME=C:\Program Files\Java\jdk1.8.0_51
PATH=C:\Python27\;C:\Python27\Scripts;C:\ProgramData\Oracle\Java\javapath;C:\Windows\system32;C:\Windows;C:\Windows\System32\Wbem;C:\Windows\System32\WindowsPowerShell\v1.0\;C:\Program Files (x86)\NVIDIA Corporation\PhysX\Common;C:\Program Files (x86)\Windows Kits\8.1\Windows Performance Toolkit\;C:\Program Files\Microsoft SQL Server\110\Tools\Binn\;C:\Program Files\Microsoft SQL Server\120\DTS\Binn\;C:\Program Files\Microsoft SQL Server\Client SDK\ODBC\110\Tools\Binn\;C:\Program Files (x86)\Microsoft SQL Server\120\Tools\Binn\;C:\Program Files\Microsoft SQL Server\120\Tools\Binn\;C:\Program Files (x86)\Microsoft SQL Server\120\Tools\Binn\ManagementStudio\;C:\Program Files (x86)\Microsoft SQL Server\120\DTS\Binn\;C:\Program Files (x86)\MySQL\MySQL Fabric 1.5 & MySQL Utilities 1.5\;C:\Program Files (x86)\MySQL\MySQL Fabric 1.5 & MySQL Utilities 1.5\Doctrine extensions for PHP\;C:\apache-maven-3.3.3\bin;C:\Program Files\nodejs\;C:\Program Files\Git\cmd;C:\Program Files\Microsoft\Web Platform Installer\;C:\Program Files (x86)\Skype\Phone\;C:\Program Files (x86)\Heroku\bin;C:\Program Files (x86)\git\cmd;C:\Users\Alexander\AppData\Roaming\npm
USERNAME=Alexander
OS=Windows_NT
PROCESSOR_IDENTIFIER=Intel64 Family 6 Model 58 Stepping 9, GenuineIntel



---------------  S Y S T E M  ---------------

OS: Windows 10.0 , 64 bit Build 10240 (10.0.10240.16384)

CPU:total 8 (4 cores per cpu, 2 threads per core) family 6 model 58 stepping 9, cmov, cx8, fxsr, mmx, sse, sse2, sse3, ssse3, sse4.1, sse4.2, popcnt, avx, aes, clmul, erms, ht, tsc, tscinvbit, tscinv

Memory: 4k page, physical 16708380k(9305960k free), swap 19198748k(6695484k free)

vm_info: Java HotSpot(TM) 64-Bit Server VM (25.51-b03) for windows-amd64 JRE (1.8.0_51-b16), built on Jun  8 2015 18:03:07 by "java_re" with MS VC++ 10.0 (VS2010)

time: Tue Mar 29 23:11:37 2016
elapsed time: 569 seconds (0d 0h 9m 29s)

